<?xml version="1.0" encoding="UTF-8"?>
<!-- Generated by org.testng.reporters.JUnitReportReporter -->
<testsuite hostname="LAPTOP-1BLM5OS8" failures="0" tests="1" name="day21.Demo1" time="15.334" errors="0" timestamp="16 Jun 2023 07:31:32 GMT" skipped="0">
  <testcase classname="day21.Demo1" name="testA" time="15.334"/>
</testsuite> <!-- day21.Demo1 -->
